<?xml version="1.0" encoding="UTF-8"?>
<!-- Generated by org.testng.reporters.JUnitXMLReporter -->
<testsuite hostname="ptayde-t460" ignored="0" name="Test Module" tests="3" failures="0" timestamp="2021-10-14T14:26:39 IST" time="14.749" errors="0">
  <testcase name="Seleniumtest1" time="5.7" classname="base.ChooseBrowser"/>
  <testcase name="Seleniumtest2" time="0.0" classname="base.ChooseBrowser"/>
  <testcase name="Seleniumtest3" time="0.0" classname="base.ChooseBrowser"/>
</testsuite> <!-- Test Module -->
